c:\users\leslie\downloads\turczyslaw\3dengine\debug\vc142.pdb
c:\users\leslie\downloads\turczyslaw\3dengine\debug\vc142.idb
c:\users\leslie\downloads\turczyslaw\3dengine\debug\configuration.obj
c:\users\leslie\downloads\turczyslaw\3dengine\debug\definicje.obj
c:\users\leslie\downloads\turczyslaw\3dengine\debug\drawpalletoperation.obj
c:\users\leslie\downloads\turczyslaw\3dengine\debug\forklift.obj
c:\users\leslie\downloads\turczyslaw\3dengine\debug\joblist.obj
c:\users\leslie\downloads\turczyslaw\3dengine\debug\leavepalletoperation.obj
c:\users\leslie\downloads\turczyslaw\3dengine\debug\lowermastoperation.obj
c:\users\leslie\downloads\turczyslaw\3dengine\debug\modelhelper.obj
c:\users\leslie\downloads\turczyslaw\3dengine\debug\interakcja.obj
c:\users\leslie\downloads\turczyslaw\3dengine\debug\konfiguracja.obj
c:\users\leslie\downloads\turczyslaw\3dengine\debug\model3ds.obj
c:\users\leslie\downloads\turczyslaw\3dengine\debug\moveoperation.obj
c:\users\leslie\downloads\turczyslaw\3dengine\debug\pickuppalletoperation.obj
c:\users\leslie\downloads\turczyslaw\3dengine\debug\raisemastoperation.obj
c:\users\leslie\downloads\turczyslaw\3dengine\debug\idle.obj
c:\users\leslie\downloads\turczyslaw\3dengine\debug\szablon.obj
c:\users\leslie\downloads\turczyslaw\3dengine\debug\texturebmp.obj
c:\users\leslie\downloads\turczyslaw\3dengine\debug\texturetga.obj
c:\users\leslie\downloads\turczyslaw\3dengine\debug\turnoperation.obj
c:\users\leslie\downloads\turczyslaw\3dengine\debug\color.obj
c:\users\leslie\downloads\turczyslaw\3dengine\debug\colorhelper.obj
c:\users\leslie\downloads\turczyslaw\3dengine\debug\szablon.tlog\cl.command.1.tlog
c:\users\leslie\downloads\turczyslaw\3dengine\debug\szablon.tlog\cl.read.1.tlog
c:\users\leslie\downloads\turczyslaw\3dengine\debug\szablon.tlog\cl.write.1.tlog
