d:\documents\studia\projekty\forkliftsimulation\release\vc142.pdb
d:\documents\studia\projekty\forkliftsimulation\release\turnoperation.obj
d:\documents\studia\projekty\forkliftsimulation\release\texturetga.obj
d:\documents\studia\projekty\forkliftsimulation\release\texturebmp.obj
d:\documents\studia\projekty\forkliftsimulation\release\szablon.obj
d:\documents\studia\projekty\forkliftsimulation\release\raisemastoperation.obj
d:\documents\studia\projekty\forkliftsimulation\release\pickuppalletoperation.obj
d:\documents\studia\projekty\forkliftsimulation\release\moveoperation.obj
d:\documents\studia\projekty\forkliftsimulation\release\model3ds.obj
d:\documents\studia\projekty\forkliftsimulation\release\konfiguracja.obj
d:\documents\studia\projekty\forkliftsimulation\release\interakcja.obj
d:\documents\studia\projekty\forkliftsimulation\release\modelhelper.obj
d:\documents\studia\projekty\forkliftsimulation\release\lowermastoperation.obj
d:\documents\studia\projekty\forkliftsimulation\release\leavepalletoperation.obj
d:\documents\studia\projekty\forkliftsimulation\release\joblist.obj
d:\documents\studia\projekty\forkliftsimulation\release\jobentity.obj
d:\documents\studia\projekty\forkliftsimulation\release\forklift.obj
d:\documents\studia\projekty\forkliftsimulation\release\drawpalletoperation.obj
d:\documents\studia\projekty\forkliftsimulation\release\definicje.obj
d:\documents\studia\projekty\forkliftsimulation\release\configuration.obj
d:\documents\studia\projekty\forkliftsimulation\release\idle.obj
d:\documents\studia\projekty\forkliftsimulation\release\szablon.exe
d:\documents\studia\projekty\forkliftsimulation\release\szablon.pdb
d:\documents\studia\projekty\forkliftsimulation\release\szablon.vcxprojassemblyreference.cache
d:\documents\studia\projekty\forkliftsimulation\release\forkliftposition.obj
d:\documents\studia\projekty\forkliftsimulation\release\modeldrawing.obj
d:\documents\studia\projekty\forkliftsimulation\release\movexoperation.obj
d:\documents\studia\projekty\forkliftsimulation\release\operation.obj
d:\documents\studia\projekty\forkliftsimulation\release\raisemast.obj
d:\documents\studia\projekty\forkliftsimulation\release\rotateoperation.obj
d:\documents\studia\projekty\forkliftsimulation\release\rysowanie.obj
d:\documents\studia\projekty\forkliftsimulation\release\core.pdb
d:\documents\studia\projekty\forkliftsimulation\release\szablon.tlog\cl.command.1.tlog
d:\documents\studia\projekty\forkliftsimulation\release\szablon.tlog\cl.read.1.tlog
d:\documents\studia\projekty\forkliftsimulation\release\szablon.tlog\cl.write.1.tlog
d:\documents\studia\projekty\forkliftsimulation\release\szablon.tlog\link.command.1.tlog
d:\documents\studia\projekty\forkliftsimulation\release\szablon.tlog\link.read.1.tlog
d:\documents\studia\projekty\forkliftsimulation\release\szablon.tlog\link.write.1.tlog
d:\documents\studia\projekty\forkliftsimulation\release\szablon.tlog\szablon.read.1u.tlog
d:\documents\studia\projekty\forkliftsimulation\release\szablon.tlog\szablon.write.1u.tlog
